<?xml version="1.0" encoding="UTF-8"?>
<testng-results ignored="1" total="2" passed="1" failed="0" skipped="0">
  <reporter-output>
  </reporter-output>
  <suite started-at="2023-08-26T19:01:20Z" name="Default suite" finished-at="2023-08-26T19:01:22Z" duration-ms="1832">
    <groups>
    </groups>
    <test started-at="2023-08-26T19:01:20Z" name="Default test" finished-at="2023-08-26T19:01:22Z" duration-ms="1832">
      <class name="restAPIXML.XMLTest">
        <test-method signature="test2()[pri:0, instance:restAPIXML.XMLTest@babafc2]" started-at="2023-08-26T19:01:20Z" name="test2" finished-at="2023-08-26T19:01:22Z" duration-ms="1813" status="PASS">
          <reporter-output>
          </reporter-output>
        </test-method> <!-- test2 -->
      </class> <!-- restAPIXML.XMLTest -->
    </test> <!-- Default test -->
  </suite> <!-- Default suite -->
</testng-results>
